<?xml version="1.0" encoding="UTF-8"?>
<Site BuildName="Linux-c++"
	BuildStamp="20190923-1546-Experimental"
	Name="OMEN"
	Generator="ctest-3.15.3"
	CompilerName="/usr/bin/c++"
	CompilerVersion="9.1.0"
	OSName="Linux"
	Hostname="OMEN"
	OSRelease="5.3.1-arch1-1-ARCH"
	OSVersion="#1 SMP PREEMPT Sat Sep 21 11:33:49 UTC 2019"
	OSPlatform="x86_64"
	Is64Bits="1"
	VendorString="GenuineIntel"
	VendorID="Intel Corporation"
	FamilyID="6"
	ModelID="158"
	ProcessorCacheSize="9216"
	NumberOfLogicalCPU="12"
	NumberOfPhysicalCPU="6"
	TotalVirtualMemory="0"
	TotalPhysicalMemory="31994"
	LogicalProcessorsPerPhysical="2"
	ProcessorClockFrequency="3900.01"
	>
	<Testing>
		<StartDateTime>Sep 23 18:46 MSK</StartDateTime>
		<StartTestTime>1569253569</StartTestTime>
		<TestList/>
		<EndDateTime>Sep 23 18:46 MSK</EndDateTime>
		<EndTestTime>1569253569</EndTestTime>
		<ElapsedMinutes>0</ElapsedMinutes>
	</Testing>
</Site>
